0 info it worked if it ends with ok
1 verbose cli [ '/usr/bin/node', '/usr/bin/npm', 'install' ]
2 info using npm@1.3.11
3 info using node@v0.10.20
4 verbose node symlink /usr/bin/node
5 verbose readDependencies using package.json deps
6 verbose install where, deps [ '/var/www/OpenSTC/swif',
6 verbose install   [ 'grunt',
6 verbose install     'grunt-contrib-nodeunit',
6 verbose install     'grunt-contrib-uglify',
6 verbose install     'grunt-contrib-less',
6 verbose install     'grunt-contrib-jshint',
6 verbose install     'grunt-jscs-checker' ] ]
7 info preinstall SWIF@1.2.4
8 verbose readDependencies using package.json deps
9 verbose already installed skipping grunt-contrib-uglify@~0.2.2 /var/www/OpenSTC/swif
10 verbose already installed skipping grunt-contrib-less@~0.7.0 /var/www/OpenSTC/swif
11 verbose already installed skipping grunt-contrib-jshint@~0.8.0 /var/www/OpenSTC/swif
12 verbose already installed skipping grunt-jscs-checker@~0.3.0 /var/www/OpenSTC/swif
13 verbose already installed skipping grunt@~0.4.1 /var/www/OpenSTC/swif
14 verbose already installed skipping grunt-contrib-nodeunit@~0.2.0 /var/www/OpenSTC/swif
15 silly resolved []
16 info build /var/www/OpenSTC/swif
17 verbose linkStuff [ false, false, false, '/var/www/OpenSTC' ]
18 info linkStuff SWIF@1.2.4
19 verbose linkBins SWIF@1.2.4
20 verbose linkMans SWIF@1.2.4
21 verbose rebuildBundles SWIF@1.2.4
22 verbose rebuildBundles [ 'grunt',
22 verbose rebuildBundles   'grunt-contrib-jshint',
22 verbose rebuildBundles   'grunt-contrib-less',
22 verbose rebuildBundles   'grunt-contrib-nodeunit',
22 verbose rebuildBundles   'grunt-contrib-uglify',
22 verbose rebuildBundles   'grunt-jscs-checker' ]
23 info install SWIF@1.2.4
24 info postinstall SWIF@1.2.4
25 info prepublish SWIF@1.2.4
26 error peerinvalid The package grunt does not satisfy its siblings' peerDependencies requirements!
26 error peerinvalid Peer grunt-contrib-nodeunit@0.2.0 wants grunt@~0.4.0
26 error peerinvalid Peer grunt-contrib-uglify@0.2.4 wants grunt@~0.4.0
26 error peerinvalid Peer grunt-contrib-less@0.7.0 wants grunt@~0.4.0
26 error peerinvalid Peer grunt-contrib-jshint@0.8.0 wants grunt@~0.4.0
26 error peerinvalid Peer grunt-jscs-checker@0.3.2 wants grunt@0.4.2
27 error System Linux 3.11.0-15-generic
28 error command "/usr/bin/node" "/usr/bin/npm" "install"
29 error cwd /var/www/OpenSTC/swif/config
30 error node -v v0.10.20
31 error npm -v 1.3.11
32 error code EPEERINVALID
33 verbose exit [ 1, true ]
